15:58:48 **** Incremental Build of configuration Debug for project L4S5VI ****
make -j8 all 
arm-none-eabi-gcc "../Core/Src/freertos.c" -mcpu=cortex-m4 -std=gnu11 -g3 -DUSE_HAL_DRIVER -DDEBUG -DSTM32L4S5xx -c -I../Core/Inc -I../Drivers/STM32L4xx_HAL_Driver/Inc -I../Drivers/STM32L4xx_HAL_Driver/Inc/Legacy -I../Drivers/CMSIS/Device/ST/STM32L4xx/Include -I../Drivers/CMSIS/Include -I../Middlewares/Third_Party/FreeRTOS/Source/include -I../Middlewares/Third_Party/FreeRTOS/Source/CMSIS_RTOS -I../Middlewares/Third_Party/FreeRTOS/Source/portable/GCC/ARM_CM4F -O0 -ffunction-sections -fdata-sections -Wall -fstack-usage -MMD -MP -MF"Core/Src/freertos.d" -MT"Core/Src/freertos.o" --specs=nano.specs -mfpu=fpv4-sp-d16 -mfloat-abi=hard -mthumb -o "Core/Src/freertos.o"
../Core/Src/freertos.c: In function 'StartDefaultTask':
../Core/Src/freertos.c:174:2: warning: implicit declaration of function 'write_MISE' [-Wimplicit-function-declaration]
  write_MISE("Passive");
  ^~~~~~~~~~
../Core/Src/freertos.c: In function 'vTask1':
../Core/Src/freertos.c:191:4: warning: implicit declaration of function 'print_MISE'; did you mean 'printf'? [-Wimplicit-function-declaration]
    print_MISE();
    ^~~~~~~~~~
    printf
../Core/Src/freertos.c: In function 'vTask2':
../Core/Src/freertos.c:215:23: warning: pointer targets in passing argument 1 of 'displayWriteString' differ in signedness [-Wpointer-sign]
    displayWriteString(co2_result_buffer);
                       ^~~~~~~~~~~~~~~~~
In file included from ../Core/Src/freertos.c:35:0:
../Core/Inc/SerLCD.h:84:9: note: expected 'char *' but argument is of type 'uint8_t * {aka unsigned char *}'
 uint8_t displayWriteString(char *buffer);
         ^~~~~~~~~~~~~~~~~~
../Core/Src/freertos.c: At top level:
../Core/Src/freertos.c:248:6: warning: conflicting types for 'print_MISE'
 void print_MISE(void)
      ^~~~~~~~~~
../Core/Src/freertos.c:191:4: note: previous implicit declaration of 'print_MISE' was here
    print_MISE();
    ^~~~~~~~~~
../Core/Src/freertos.c:277:6: warning: conflicting types for 'write_MISE'
 void write_MISE(char* cmd)
      ^~~~~~~~~~
../Core/Src/freertos.c:174:2: note: previous implicit declaration of 'write_MISE' was here
  write_MISE("Passive");
  ^~~~~~~~~~
../Core/Src/freertos.c: In function 'write_MISE':
../Core/Src/freertos.c:287:5: warning: implicit declaration of function 'strcmp' [-Wimplicit-function-declaration]
  if(strcmp(cmd,"Passive")==0)
     ^~~~~~
../Core/Src/freertos.c:338:11: warning: format '%d' expects argument of type 'int', but argument 2 has type 'uint8_t * {aka unsigned char *}' [-Wformat=]
  printf("%d\r\n", mise_send_buffer);
          ~^       ~~~~~~~~~~~~~~~~
          %hhn
arm-none-eabi-gcc -o "L4S5VI.elf" @"objects.list"   -mcpu=cortex-m4 -T"D:\STM32CubeIDE_1.5.0\stm32_workspace\L4S5VI\STM32L4S5VITX_FLASH.ld" --specs=nosys.specs -Wl,-Map="L4S5VI.map" -Wl,--gc-sections -static --specs=nano.specs -mfpu=fpv4-sp-d16 -mfloat-abi=hard -mthumb -u _printf_float -Wl,--start-group -lc -lm -Wl,--end-group
Finished building target: L4S5VI.elf
 
arm-none-eabi-objdump -h -S  L4S5VI.elf  > "L4S5VI.list"
arm-none-eabi-objcopy  -O binary  L4S5VI.elf  "L4S5VI.bin"
arm-none-eabi-size   L4S5VI.elf 
   text	   data	    bss	    dec	    hex	filename
  53424	    512	   6816	  60752	   ed50	L4S5VI.elf
Finished building: default.size.stdout
 
Finished building: L4S5VI.bin
 
Finished building: L4S5VI.list
 

15:58:51 Build Finished. 0 errors, 7 warnings. (took 2s.702ms)

